Using pre-set license
Built from '2020.3/release' branch; Version is '2020.3.2f1 (8fd9074bf66c) revision 9427207'; Using compiler version '192528614'; Build Type 'Release'
OS: 'Windows 10 Home; OS build 19041.1052; Version 2004; 64bit' Language: 'en' Physical Memory: 12173 MB
BatchMode: 1, IsHumanControllingUs: 0, StartBugReporterOnCrash: 0, Is64bit: 1, IsPro: 0

 COMMAND LINE ARGUMENTS:
D:\Unity\Unity2020.3.2f1\Editor\Unity.exe
-adb2
-batchMode
-noUpm
-name
AssetImportWorker0
-projectPath
D:/Unity Projects/PurpleGloSample
-logFile
Logs/AssetImportWorker0.log
-srvPort
58161
Successfully changed project path to: D:/Unity Projects/PurpleGloSample
D:/Unity Projects/PurpleGloSample
Using Asset Import Pipeline V2.
Refreshing native plugins compatible for Editor in 70.61 ms, found 1 plugins.
Preloading 0 native plugins for Editor in 0.00 ms.
Initialize engine version: 2020.3.2f1 (8fd9074bf66c)
[Subsystems] Discovering subsystems at path D:/Unity/Unity2020.3.2f1/Editor/Data/Resources/UnitySubsystems
[Subsystems] Discovering subsystems at path D:/Unity Projects/PurpleGloSample/Assets
GfxDevice: creating device client; threaded=0
Direct3D:
    Version:  Direct3D 11.0 [level 11.1]
    Renderer: NVIDIA GeForce GTX 1050 (ID=0x1c8d)
    Vendor:   
    VRAM:     4019 MB
    Driver:   27.21.14.6230
Initialize mono
Mono path[0] = 'D:/Unity/Unity2020.3.2f1/Editor/Data/Managed'
Mono path[1] = 'D:/Unity/Unity2020.3.2f1/Editor/Data/MonoBleedingEdge/lib/mono/unityjit'
Mono config path = 'D:/Unity/Unity2020.3.2f1/Editor/Data/MonoBleedingEdge/etc'
Using monoOptions --debugger-agent=transport=dt_socket,embedding=1,server=y,suspend=n,address=127.0.0.1:56740
Begin MonoManager ReloadAssembly
Registering precompiled unity dll's ...
Register platform support module: D:/Unity/Unity2020.3.2f1/Editor/Data/PlaybackEngines/WebGLSupport/UnityEditor.WebGL.Extensions.dll
Register platform support module: D:/Unity/Unity2020.3.2f1/Editor/Data/PlaybackEngines/WindowsStandaloneSupport/UnityEditor.WindowsStandalone.Extensions.dll
Registered in 0.002661 seconds.
Native extension for WindowsStandalone target not found
Native extension for WebGL target not found
Refreshing native plugins compatible for Editor in 73.83 ms, found 1 plugins.
Preloading 0 native plugins for Editor in 0.00 ms.
Invoked RoslynAnalysisRunner static constructor.
RoslynAnalysisRunner will not be running.
RoslynAnalysisRunner has terminated.
Mono: successfully reloaded assembly
- Completed reload, in  1.750 seconds
Platform modules already initialized, skipping
Registering precompiled user dll's ...
Registered in 0.003061 seconds.
Begin MonoManager ReloadAssembly
Native extension for WindowsStandalone target not found
Native extension for WebGL target not found
Refreshing native plugins compatible for Editor in 75.12 ms, found 1 plugins.
Preloading 0 native plugins for Editor in 0.00 ms.
Invoked RoslynAnalysisRunner static constructor.
RoslynAnalysisRunner will not be running.
RoslynAnalysisRunner has terminated.
Mono: successfully reloaded assembly
- Completed reload, in  1.351 seconds
Platform modules already initialized, skipping
========================================================================
Worker process is ready to serve import requests
Launched and connected shader compiler UnityShaderCompiler.exe after 0.12 seconds
Refreshing native plugins compatible for Editor in 0.38 ms, found 1 plugins.
Preloading 0 native plugins for Editor in 0.00 ms.
Unloading 1812 Unused Serialized files (Serialized files now loaded: 0)
System memory in use before: 85.0 MB.
System memory in use after: 84.9 MB.

Unloading 24 unused Assets to reduce memory usage. Loaded Objects now: 2255.
Total: 2.423800 ms (FindLiveObjects: 0.332900 ms CreateObjectMapping: 0.083500 ms MarkObjects: 1.805900 ms  DeleteObjects: 0.200300 ms)

========================================================================
Received Import Request.
  path: Assets/transportation_motorcycle_start_rev_off_engine_perspective_suzuki_gsx650f.mp3
  artifactKey: Guid(29252febe7e9c324e856b639cd070edf) Importer(815301076,1909f56bfc062723c751e8b465ee728b)
Start importing Assets/transportation_motorcycle_start_rev_off_engine_perspective_suzuki_gsx650f.mp3 using Guid(29252febe7e9c324e856b639cd070edf) Importer(815301076,1909f56bfc062723c751e8b465ee728b)  -> (artifact id: '961ff3dfe3a63361e6528e7bb1d803b0') in 0.461195 seconds
  Import took 0.465871 seconds .

========================================================================
Received Import Request.
  Time since last request: 73.280331 seconds.
  path: Assets/bike engine.mp3
  artifactKey: Guid(3131da9c81faa324eaf37c35e77e4708) Importer(815301076,1909f56bfc062723c751e8b465ee728b)
Start importing Assets/bike engine.mp3 using Guid(3131da9c81faa324eaf37c35e77e4708) Importer(815301076,1909f56bfc062723c751e8b465ee728b)  -> (artifact id: '2c4351ef442d9cffe0663f17ab1afecc') in 0.034275 seconds
  Import took 0.039802 seconds .

========================================================================
Received Import Request.
  Time since last request: 0.001610 seconds.
  path: Assets/bike engine.mp3
  artifactKey: Guid(3131da9c81faa324eaf37c35e77e4708) Importer(815301076,1909f56bfc062723c751e8b465ee728b)
Start importing Assets/bike engine.mp3 using Guid(3131da9c81faa324eaf37c35e77e4708) Importer(815301076,1909f56bfc062723c751e8b465ee728b)  -> (artifact id: '2c4351ef442d9cffe0663f17ab1afecc') in 0.008474 seconds
  Import took 0.015268 seconds .

========================================================================
Received Import Request.
  Time since last request: 48.121921 seconds.
  path: Assets/bike engine.mp3
  artifactKey: Guid(3131da9c81faa324eaf37c35e77e4708) Importer(815301076,1909f56bfc062723c751e8b465ee728b)
Start importing Assets/bike engine.mp3 using Guid(3131da9c81faa324eaf37c35e77e4708) Importer(815301076,1909f56bfc062723c751e8b465ee728b)  -> (artifact id: 'f73f08a8ff3ef965815ffd64c9518d7d') in 0.031881 seconds
  Import took 0.039301 seconds .

========================================================================
Received Import Request.
  Time since last request: 23.411032 seconds.
  path: Assets/bike engine.mp3
  artifactKey: Guid(3131da9c81faa324eaf37c35e77e4708) Importer(815301076,1909f56bfc062723c751e8b465ee728b)
Start importing Assets/bike engine.mp3 using Guid(3131da9c81faa324eaf37c35e77e4708) Importer(815301076,1909f56bfc062723c751e8b465ee728b)  -> (artifact id: '97f9c4b0a382ca30d6a64893c82dd745') in 0.082413 seconds
  Import took 0.090722 seconds .

========================================================================
Received Import Request.
  Time since last request: 0.001792 seconds.
  path: Assets/bike engine.mp3
  artifactKey: Guid(3131da9c81faa324eaf37c35e77e4708) Importer(815301076,1909f56bfc062723c751e8b465ee728b)
Start importing Assets/bike engine.mp3 using Guid(3131da9c81faa324eaf37c35e77e4708) Importer(815301076,1909f56bfc062723c751e8b465ee728b)  -> (artifact id: '97f9c4b0a382ca30d6a64893c82dd745') in 0.008288 seconds
  Import took 0.014959 seconds .

========================================================================
Received Import Request.
  Time since last request: 21.745654 seconds.
  path: Assets/bike engine.mp3
  artifactKey: Guid(3131da9c81faa324eaf37c35e77e4708) Importer(815301076,1909f56bfc062723c751e8b465ee728b)
Start importing Assets/bike engine.mp3 using Guid(3131da9c81faa324eaf37c35e77e4708) Importer(815301076,1909f56bfc062723c751e8b465ee728b)  -> (artifact id: 'bf4afffc503ff0454d2d1bbe1d8bf036') in 0.090712 seconds
  Import took 0.096513 seconds .

========================================================================
Received Import Request.
  Time since last request: 0.005036 seconds.
  path: Assets/bike engine.mp3
  artifactKey: Guid(3131da9c81faa324eaf37c35e77e4708) Importer(815301076,1909f56bfc062723c751e8b465ee728b)
Start importing Assets/bike engine.mp3 using Guid(3131da9c81faa324eaf37c35e77e4708) Importer(815301076,1909f56bfc062723c751e8b465ee728b)  -> (artifact id: 'bf4afffc503ff0454d2d1bbe1d8bf036') in 0.011641 seconds
  Import took 0.016820 seconds .

========================================================================
Received Prepare
Registering precompiled user dll's ...
Registered in 0.001500 seconds.
Begin MonoManager ReloadAssembly
Native extension for WindowsStandalone target not found
Native extension for WebGL target not found
Refreshing native plugins compatible for Editor in 0.49 ms, found 1 plugins.
Preloading 0 native plugins for Editor in 0.00 ms.
Invoked RoslynAnalysisRunner static constructor.
RoslynAnalysisRunner will not be running.
RoslynAnalysisRunner has terminated.
Mono: successfully reloaded assembly
- Completed reload, in  1.400 seconds
Platform modules already initialized, skipping
Refreshing native plugins compatible for Editor in 0.43 ms, found 1 plugins.
Preloading 0 native plugins for Editor in 0.00 ms.
Unloading 1807 Unused Serialized files (Serialized files now loaded: 0)
System memory in use before: 88.1 MB.
System memory in use after: 88.0 MB.

Unloading 12 unused Assets to reduce memory usage. Loaded Objects now: 2268.
Total: 2.702600 ms (FindLiveObjects: 0.391300 ms CreateObjectMapping: 0.130300 ms MarkObjects: 1.995900 ms  DeleteObjects: 0.183400 ms)

========================================================================
Received Prepare
Registering precompiled user dll's ...
Registered in 0.001340 seconds.
Begin MonoManager ReloadAssembly
Native extension for WindowsStandalone target not found
Native extension for WebGL target not found
Refreshing native plugins compatible for Editor in 0.39 ms, found 1 plugins.
Preloading 0 native plugins for Editor in 0.00 ms.
Invoked RoslynAnalysisRunner static constructor.
RoslynAnalysisRunner will not be running.
RoslynAnalysisRunner has terminated.
Mono: successfully reloaded assembly
- Completed reload, in  1.183 seconds
Platform modules already initialized, skipping
Refreshing native plugins compatible for Editor in 0.35 ms, found 1 plugins.
Preloading 0 native plugins for Editor in 0.00 ms.
Unloading 1807 Unused Serialized files (Serialized files now loaded: 0)
System memory in use before: 88.1 MB.
System memory in use after: 88.1 MB.

Unloading 12 unused Assets to reduce memory usage. Loaded Objects now: 2272.
Total: 2.866900 ms (FindLiveObjects: 0.370000 ms CreateObjectMapping: 0.173400 ms MarkObjects: 2.148900 ms  DeleteObjects: 0.172800 ms)

========================================================================
Received Import Request.
  Time since last request: 207.785685 seconds.
  path: Assets/bike engine.mp3
  artifactKey: Guid(3131da9c81faa324eaf37c35e77e4708) Importer(815301076,1909f56bfc062723c751e8b465ee728b)
Start importing Assets/bike engine.mp3 using Guid(3131da9c81faa324eaf37c35e77e4708) Importer(815301076,1909f56bfc062723c751e8b465ee728b)  -> (artifact id: '70cd09c3c27347b425825d78e3ce4354') in 0.074044 seconds
  Import took 0.078265 seconds .

========================================================================
Received Import Request.
  Time since last request: 0.003258 seconds.
  path: Assets/bike engine.mp3
  artifactKey: Guid(3131da9c81faa324eaf37c35e77e4708) Importer(815301076,1909f56bfc062723c751e8b465ee728b)
Start importing Assets/bike engine.mp3 using Guid(3131da9c81faa324eaf37c35e77e4708) Importer(815301076,1909f56bfc062723c751e8b465ee728b)  -> (artifact id: '70cd09c3c27347b425825d78e3ce4354') in 0.010009 seconds
  Import took 0.016675 seconds .

========================================================================
Received Import Request.
  Time since last request: 162.809995 seconds.
  path: Assets/bike engine.mp3
  artifactKey: Guid(3131da9c81faa324eaf37c35e77e4708) Importer(815301076,1909f56bfc062723c751e8b465ee728b)
Start importing Assets/bike engine.mp3 using Guid(3131da9c81faa324eaf37c35e77e4708) Importer(815301076,1909f56bfc062723c751e8b465ee728b)  -> (artifact id: '713588bfe3dc3fd6cb9ba2abff4ac6c5') in 0.038689 seconds
  Import took 0.044930 seconds .

========================================================================
Received Import Request.
  Time since last request: 84.142994 seconds.
  path: Assets/bike engine.mp3
  artifactKey: Guid(3131da9c81faa324eaf37c35e77e4708) Importer(815301076,1909f56bfc062723c751e8b465ee728b)
Start importing Assets/bike engine.mp3 using Guid(3131da9c81faa324eaf37c35e77e4708) Importer(815301076,1909f56bfc062723c751e8b465ee728b)  -> (artifact id: '297a7edf0c3aac428db48e7163dbc3b3') in 0.040886 seconds
  Import took 0.047168 seconds .

========================================================================
Received Prepare
Registering precompiled user dll's ...
Registered in 0.002092 seconds.
Begin MonoManager ReloadAssembly
Native extension for WindowsStandalone target not found
Native extension for WebGL target not found
Refreshing native plugins compatible for Editor in 0.37 ms, found 1 plugins.
Preloading 0 native plugins for Editor in 0.00 ms.
Invoked RoslynAnalysisRunner static constructor.
RoslynAnalysisRunner will not be running.
RoslynAnalysisRunner has terminated.
Mono: successfully reloaded assembly
- Completed reload, in  1.351 seconds
Platform modules already initialized, skipping
Refreshing native plugins compatible for Editor in 0.38 ms, found 1 plugins.
Preloading 0 native plugins for Editor in 0.00 ms.
Unloading 1807 Unused Serialized files (Serialized files now loaded: 0)
System memory in use before: 88.1 MB.
System memory in use after: 88.1 MB.

Unloading 12 unused Assets to reduce memory usage. Loaded Objects now: 2277.
Total: 3.446000 ms (FindLiveObjects: 0.493300 ms CreateObjectMapping: 0.266500 ms MarkObjects: 2.521400 ms  DeleteObjects: 0.163300 ms)

========================================================================
Received Prepare
Registering precompiled user dll's ...
Registered in 0.001825 seconds.
Begin MonoManager ReloadAssembly
Native extension for WindowsStandalone target not found
Native extension for WebGL target not found
Refreshing native plugins compatible for Editor in 0.34 ms, found 1 plugins.
Preloading 0 native plugins for Editor in 0.00 ms.
Invoked RoslynAnalysisRunner static constructor.
RoslynAnalysisRunner will not be running.
RoslynAnalysisRunner has terminated.
Mono: successfully reloaded assembly
- Completed reload, in  1.296 seconds
Platform modules already initialized, skipping
Refreshing native plugins compatible for Editor in 0.54 ms, found 1 plugins.
Preloading 0 native plugins for Editor in 0.00 ms.
Unloading 1807 Unused Serialized files (Serialized files now loaded: 0)
System memory in use before: 88.1 MB.
System memory in use after: 88.1 MB.

Unloading 12 unused Assets to reduce memory usage. Loaded Objects now: 2281.
Total: 4.930200 ms (FindLiveObjects: 0.411300 ms CreateObjectMapping: 0.169700 ms MarkObjects: 4.183800 ms  DeleteObjects: 0.162600 ms)

========================================================================
Received Prepare
Registering precompiled user dll's ...
Registered in 0.000991 seconds.
Begin MonoManager ReloadAssembly
Native extension for WindowsStandalone target not found
Native extension for WebGL target not found
Refreshing native plugins compatible for Editor in 0.49 ms, found 1 plugins.
Preloading 0 native plugins for Editor in 0.00 ms.
Invoked RoslynAnalysisRunner static constructor.
RoslynAnalysisRunner will not be running.
RoslynAnalysisRunner has terminated.
Mono: successfully reloaded assembly
- Completed reload, in  1.496 seconds
Platform modules already initialized, skipping
Refreshing native plugins compatible for Editor in 0.73 ms, found 1 plugins.
Preloading 0 native plugins for Editor in 0.00 ms.
Unloading 1807 Unused Serialized files (Serialized files now loaded: 0)
System memory in use before: 88.1 MB.
System memory in use after: 88.1 MB.

Unloading 12 unused Assets to reduce memory usage. Loaded Objects now: 2285.
Total: 3.459100 ms (FindLiveObjects: 0.491400 ms CreateObjectMapping: 0.285400 ms MarkObjects: 2.520900 ms  DeleteObjects: 0.159500 ms)

========================================================================
Received Prepare
Registering precompiled user dll's ...
Registered in 0.001230 seconds.
Begin MonoManager ReloadAssembly
Native extension for WindowsStandalone target not found
Native extension for WebGL target not found
Refreshing native plugins compatible for Editor in 0.45 ms, found 1 plugins.
Preloading 0 native plugins for Editor in 0.00 ms.
Invoked RoslynAnalysisRunner static constructor.
RoslynAnalysisRunner will not be running.
RoslynAnalysisRunner has terminated.
Mono: successfully reloaded assembly
- Completed reload, in  1.447 seconds
Platform modules already initialized, skipping
Refreshing native plugins compatible for Editor in 0.33 ms, found 1 plugins.
Preloading 0 native plugins for Editor in 0.00 ms.
Unloading 1807 Unused Serialized files (Serialized files now loaded: 0)
System memory in use before: 88.2 MB.
System memory in use after: 88.1 MB.

Unloading 12 unused Assets to reduce memory usage. Loaded Objects now: 2289.
Total: 3.956200 ms (FindLiveObjects: 0.600500 ms CreateObjectMapping: 0.230300 ms MarkObjects: 2.954400 ms  DeleteObjects: 0.169000 ms)

========================================================================
Received Prepare
Registering precompiled user dll's ...
Registered in 0.001074 seconds.
Begin MonoManager ReloadAssembly
Native extension for WindowsStandalone target not found
Native extension for WebGL target not found
Refreshing native plugins compatible for Editor in 0.51 ms, found 1 plugins.
Preloading 0 native plugins for Editor in 0.00 ms.
Invoked RoslynAnalysisRunner static constructor.
RoslynAnalysisRunner will not be running.
RoslynAnalysisRunner has terminated.
Mono: successfully reloaded assembly
- Completed reload, in  1.505 seconds
Platform modules already initialized, skipping
Refreshing native plugins compatible for Editor in 0.39 ms, found 1 plugins.
Preloading 0 native plugins for Editor in 0.00 ms.
Unloading 1807 Unused Serialized files (Serialized files now loaded: 0)
System memory in use before: 88.2 MB.
System memory in use after: 88.2 MB.

Unloading 12 unused Assets to reduce memory usage. Loaded Objects now: 2293.
Total: 3.490300 ms (FindLiveObjects: 0.848200 ms CreateObjectMapping: 0.233000 ms MarkObjects: 2.241400 ms  DeleteObjects: 0.166200 ms)

========================================================================
Received Prepare
Registering precompiled user dll's ...
Registered in 0.000987 seconds.
Begin MonoManager ReloadAssembly
Native extension for WindowsStandalone target not found
Native extension for WebGL target not found
Refreshing native plugins compatible for Editor in 0.43 ms, found 1 plugins.
Preloading 0 native plugins for Editor in 0.00 ms.
Invoked RoslynAnalysisRunner static constructor.
RoslynAnalysisRunner will not be running.
RoslynAnalysisRunner has terminated.
Mono: successfully reloaded assembly
- Completed reload, in  1.513 seconds
Platform modules already initialized, skipping
Refreshing native plugins compatible for Editor in 0.70 ms, found 1 plugins.
Preloading 0 native plugins for Editor in 0.00 ms.
Unloading 1807 Unused Serialized files (Serialized files now loaded: 0)
System memory in use before: 88.2 MB.
System memory in use after: 88.2 MB.

Unloading 12 unused Assets to reduce memory usage. Loaded Objects now: 2297.
Total: 5.423500 ms (FindLiveObjects: 0.639500 ms CreateObjectMapping: 0.128000 ms MarkObjects: 4.405100 ms  DeleteObjects: 0.247600 ms)

========================================================================
Received Prepare
Registering precompiled user dll's ...
Registered in 0.001195 seconds.
Begin MonoManager ReloadAssembly
Native extension for WindowsStandalone target not found
Native extension for WebGL target not found
Refreshing native plugins compatible for Editor in 0.39 ms, found 1 plugins.
Preloading 0 native plugins for Editor in 0.00 ms.
Invoked RoslynAnalysisRunner static constructor.
RoslynAnalysisRunner will not be running.
RoslynAnalysisRunner has terminated.
Mono: successfully reloaded assembly
- Completed reload, in  1.353 seconds
Platform modules already initialized, skipping
Refreshing native plugins compatible for Editor in 0.82 ms, found 1 plugins.
Preloading 0 native plugins for Editor in 0.00 ms.
Unloading 1807 Unused Serialized files (Serialized files now loaded: 0)
System memory in use before: 88.2 MB.
System memory in use after: 88.2 MB.

Unloading 12 unused Assets to reduce memory usage. Loaded Objects now: 2301.
Total: 4.490100 ms (FindLiveObjects: 0.686100 ms CreateObjectMapping: 0.505000 ms MarkObjects: 3.129400 ms  DeleteObjects: 0.167700 ms)

========================================================================
Received Prepare
Registering precompiled user dll's ...
Registered in 0.001110 seconds.
Begin MonoManager ReloadAssembly
Native extension for WindowsStandalone target not found
Native extension for WebGL target not found
Refreshing native plugins compatible for Editor in 0.37 ms, found 1 plugins.
Preloading 0 native plugins for Editor in 0.00 ms.
Invoked RoslynAnalysisRunner static constructor.
RoslynAnalysisRunner will not be running.
RoslynAnalysisRunner has terminated.
Mono: successfully reloaded assembly
- Completed reload, in  1.403 seconds
Platform modules already initialized, skipping
Refreshing native plugins compatible for Editor in 0.34 ms, found 1 plugins.
Preloading 0 native plugins for Editor in 0.00 ms.
Unloading 1807 Unused Serialized files (Serialized files now loaded: 0)
System memory in use before: 88.2 MB.
System memory in use after: 88.2 MB.

Unloading 12 unused Assets to reduce memory usage. Loaded Objects now: 2305.
Total: 2.485100 ms (FindLiveObjects: 0.317500 ms CreateObjectMapping: 0.122600 ms MarkObjects: 1.881500 ms  DeleteObjects: 0.162100 ms)

========================================================================
Received Prepare
Refreshing native plugins compatible for Editor in 1.72 ms, found 1 plugins.
Preloading 0 native plugins for Editor in 0.00 ms.
Unloading 10 Unused Serialized files (Serialized files now loaded: 0)
System memory in use before: 52.7 MB.
System memory in use after: 52.7 MB.

Unloading 10 unused Assets to reduce memory usage. Loaded Objects now: 2305.
Total: 3.097900 ms (FindLiveObjects: 0.415000 ms CreateObjectMapping: 0.153600 ms MarkObjects: 2.339700 ms  DeleteObjects: 0.188200 ms)

========================================================================
Received Prepare
Refreshing native plugins compatible for Editor in 1.44 ms, found 1 plugins.
Preloading 0 native plugins for Editor in 0.00 ms.
Unloading 10 Unused Serialized files (Serialized files now loaded: 0)
System memory in use before: 52.7 MB.
System memory in use after: 52.7 MB.

Unloading 10 unused Assets to reduce memory usage. Loaded Objects now: 2305.
Total: 3.720100 ms (FindLiveObjects: 0.232200 ms CreateObjectMapping: 0.065200 ms MarkObjects: 3.288400 ms  DeleteObjects: 0.132600 ms)

AssetImportWorkerClient::OnTransportError - code=2 error=End of file
